[16-Apr-2026 17:27:16 Asia/Dhaka] PHP Warning:  require_once(C:\xampp\htdocs\eflix\config/../vendor/autoload.php): Failed to open stream: No such file or directory in C:\xampp\htdocs\eflix\config\database.php on line 3
[16-Apr-2026 17:27:16 Asia/Dhaka] PHP Fatal error:  Uncaught Error: Failed opening required 'C:\xampp\htdocs\eflix\config/../vendor/autoload.php' (include_path='C:\xampp\php\PEAR') in C:\xampp\htdocs\eflix\config\database.php:3
Stack trace:
#0 C:\xampp\htdocs\eflix\index.php(3): require_once()
#1 {main}
  thrown in C:\xampp\htdocs\eflix\config\database.php on line 3
[16-Apr-2026 17:27:17 Asia/Dhaka] PHP Warning:  require_once(C:\xampp\htdocs\eflix\config/../vendor/autoload.php): Failed to open stream: No such file or directory in C:\xampp\htdocs\eflix\config\database.php on line 3
[16-Apr-2026 17:27:17 Asia/Dhaka] PHP Fatal error:  Uncaught Error: Failed opening required 'C:\xampp\htdocs\eflix\config/../vendor/autoload.php' (include_path='C:\xampp\php\PEAR') in C:\xampp\htdocs\eflix\config\database.php:3
Stack trace:
#0 C:\xampp\htdocs\eflix\index.php(3): require_once()
#1 {main}
  thrown in C:\xampp\htdocs\eflix\config\database.php on line 3
[16-Apr-2026 17:27:17 Asia/Dhaka] PHP Warning:  require_once(C:\xampp\htdocs\eflix\config/../vendor/autoload.php): Failed to open stream: No such file or directory in C:\xampp\htdocs\eflix\config\database.php on line 3
[16-Apr-2026 17:27:17 Asia/Dhaka] PHP Fatal error:  Uncaught Error: Failed opening required 'C:\xampp\htdocs\eflix\config/../vendor/autoload.php' (include_path='C:\xampp\php\PEAR') in C:\xampp\htdocs\eflix\config\database.php:3
Stack trace:
#0 C:\xampp\htdocs\eflix\index.php(3): require_once()
#1 {main}
  thrown in C:\xampp\htdocs\eflix\config\database.php on line 3
[16-Apr-2026 17:27:17 Asia/Dhaka] PHP Warning:  require_once(C:\xampp\htdocs\eflix\config/../vendor/autoload.php): Failed to open stream: No such file or directory in C:\xampp\htdocs\eflix\config\database.php on line 3
[16-Apr-2026 17:27:17 Asia/Dhaka] PHP Fatal error:  Uncaught Error: Failed opening required 'C:\xampp\htdocs\eflix\config/../vendor/autoload.php' (include_path='C:\xampp\php\PEAR') in C:\xampp\htdocs\eflix\config\database.php:3
Stack trace:
#0 C:\xampp\htdocs\eflix\index.php(3): require_once()
#1 {main}
  thrown in C:\xampp\htdocs\eflix\config\database.php on line 3
[16-Apr-2026 17:27:18 Asia/Dhaka] PHP Warning:  require_once(C:\xampp\htdocs\eflix\config/../vendor/autoload.php): Failed to open stream: No such file or directory in C:\xampp\htdocs\eflix\config\database.php on line 3
[16-Apr-2026 17:27:18 Asia/Dhaka] PHP Fatal error:  Uncaught Error: Failed opening required 'C:\xampp\htdocs\eflix\config/../vendor/autoload.php' (include_path='C:\xampp\php\PEAR') in C:\xampp\htdocs\eflix\config\database.php:3
Stack trace:
#0 C:\xampp\htdocs\eflix\index.php(3): require_once()
#1 {main}
  thrown in C:\xampp\htdocs\eflix\config\database.php on line 3
[16-Apr-2026 17:27:18 Asia/Dhaka] PHP Warning:  require_once(C:\xampp\htdocs\eflix\config/../vendor/autoload.php): Failed to open stream: No such file or directory in C:\xampp\htdocs\eflix\config\database.php on line 3
[16-Apr-2026 17:27:18 Asia/Dhaka] PHP Fatal error:  Uncaught Error: Failed opening required 'C:\xampp\htdocs\eflix\config/../vendor/autoload.php' (include_path='C:\xampp\php\PEAR') in C:\xampp\htdocs\eflix\config\database.php:3
Stack trace:
#0 C:\xampp\htdocs\eflix\index.php(3): require_once()
#1 {main}
  thrown in C:\xampp\htdocs\eflix\config\database.php on line 3
[16-Apr-2026 17:27:18 Asia/Dhaka] PHP Warning:  require_once(C:\xampp\htdocs\eflix\config/../vendor/autoload.php): Failed to open stream: No such file or directory in C:\xampp\htdocs\eflix\config\database.php on line 3
[16-Apr-2026 17:27:18 Asia/Dhaka] PHP Fatal error:  Uncaught Error: Failed opening required 'C:\xampp\htdocs\eflix\config/../vendor/autoload.php' (include_path='C:\xampp\php\PEAR') in C:\xampp\htdocs\eflix\config\database.php:3
Stack trace:
#0 C:\xampp\htdocs\eflix\index.php(3): require_once()
#1 {main}
  thrown in C:\xampp\htdocs\eflix\config\database.php on line 3
[16-Apr-2026 17:27:19 Asia/Dhaka] PHP Warning:  require_once(C:\xampp\htdocs\eflix\config/../vendor/autoload.php): Failed to open stream: No such file or directory in C:\xampp\htdocs\eflix\config\database.php on line 3
[16-Apr-2026 17:27:19 Asia/Dhaka] PHP Fatal error:  Uncaught Error: Failed opening required 'C:\xampp\htdocs\eflix\config/../vendor/autoload.php' (include_path='C:\xampp\php\PEAR') in C:\xampp\htdocs\eflix\config\database.php:3
Stack trace:
#0 C:\xampp\htdocs\eflix\index.php(3): require_once()
#1 {main}
  thrown in C:\xampp\htdocs\eflix\config\database.php on line 3
[16-Apr-2026 17:27:19 Asia/Dhaka] PHP Warning:  require_once(C:\xampp\htdocs\eflix\config/../vendor/autoload.php): Failed to open stream: No such file or directory in C:\xampp\htdocs\eflix\config\database.php on line 3
[16-Apr-2026 17:27:19 Asia/Dhaka] PHP Fatal error:  Uncaught Error: Failed opening required 'C:\xampp\htdocs\eflix\config/../vendor/autoload.php' (include_path='C:\xampp\php\PEAR') in C:\xampp\htdocs\eflix\config\database.php:3
Stack trace:
#0 C:\xampp\htdocs\eflix\index.php(3): require_once()
#1 {main}
  thrown in C:\xampp\htdocs\eflix\config\database.php on line 3
[16-Apr-2026 17:27:19 Asia/Dhaka] PHP Warning:  require_once(C:\xampp\htdocs\eflix\config/../vendor/autoload.php): Failed to open stream: No such file or directory in C:\xampp\htdocs\eflix\config\database.php on line 3
[16-Apr-2026 17:27:19 Asia/Dhaka] PHP Fatal error:  Uncaught Error: Failed opening required 'C:\xampp\htdocs\eflix\config/../vendor/autoload.php' (include_path='C:\xampp\php\PEAR') in C:\xampp\htdocs\eflix\config\database.php:3
Stack trace:
#0 C:\xampp\htdocs\eflix\index.php(3): require_once()
#1 {main}
  thrown in C:\xampp\htdocs\eflix\config\database.php on line 3
[16-Apr-2026 17:27:19 Asia/Dhaka] PHP Warning:  require_once(C:\xampp\htdocs\eflix\config/../vendor/autoload.php): Failed to open stream: No such file or directory in C:\xampp\htdocs\eflix\config\database.php on line 3
[16-Apr-2026 17:27:19 Asia/Dhaka] PHP Fatal error:  Uncaught Error: Failed opening required 'C:\xampp\htdocs\eflix\config/../vendor/autoload.php' (include_path='C:\xampp\php\PEAR') in C:\xampp\htdocs\eflix\config\database.php:3
Stack trace:
#0 C:\xampp\htdocs\eflix\index.php(3): require_once()
#1 {main}
  thrown in C:\xampp\htdocs\eflix\config\database.php on line 3
